<?xml version="1.0" encoding="UTF-8"?>
<robot generator="Robot 7.4.2 (Python 3.14.3 on win32)" generated="2026-03-20T16:42:56.941116" rpa="false" schemaversion="5">
<suite id="s1" name="Robot" source="C:\Users\CanopyR\Documents\Robot">
<suite id="s1-s1" name="Test" source="C:\Users\CanopyR\Documents\Robot\test">
<suite id="s1-s1-s1" name="Hp Test" source="C:\Users\CanopyR\Documents\Robot\test\hp_test.robot">
<test id="s1-s1-s1-t1" name="1.Open HP Application" line="6">
<kw name="Open Hp Application" owner="Keyword">
<msg time="2026-03-20T16:43:04.629916" level="INFO">Open HP Application result: True</msg>
<msg time="2026-03-20T16:43:04.631751" level="INFO">[PASS] Open Application:</msg>
<msg time="2026-03-20T16:43:04.633527" level="INFO">${result} = True</msg>
<var>${result}</var>
<doc>Open the HP application.</doc>
<status status="PASS" start="2026-03-20T16:42:57.303924" elapsed="7.330108"/>
</kw>
<kw name="Should Be True" owner="BuiltIn">
<arg>${result}</arg>
<arg>Failed to open HP application</arg>
<doc>Fails if the given condition is not true.</doc>
<status status="PASS" start="2026-03-20T16:43:04.667838" elapsed="0.006490"/>
</kw>
<doc>Open the HP application</doc>
<status status="PASS" start="2026-03-20T16:42:57.301177" elapsed="7.384060"/>
</test>
<test id="s1-s1-s1-t2" name="2.connect to Application" line="11">
<kw name="Connect To Application" owner="Keyword">
<msg time="2026-03-20T16:43:07.749548" level="INFO">Connect to HP Application result: True</msg>
<msg time="2026-03-20T16:43:07.749944" level="INFO">DEBUG: Connected to window = HP
[PASS] Connect to Application:</msg>
<msg time="2026-03-20T16:43:07.750469" level="INFO">${result} = True</msg>
<var>${result}</var>
<doc>Open the HP application.</doc>
<status status="PASS" start="2026-03-20T16:43:04.739763" elapsed="3.011021"/>
</kw>
<kw name="Should Be True" owner="BuiltIn">
<arg>${result}</arg>
<arg>Failed to connect</arg>
<doc>Fails if the given condition is not true.</doc>
<status status="PASS" start="2026-03-20T16:43:07.752195" elapsed="0.000857"/>
</kw>
<doc>Connect application</doc>
<status status="PASS" start="2026-03-20T16:43:04.730809" elapsed="3.022732"/>
</test>
<test id="s1-s1-s1-t3" name="2.Handle startup condition" line="17">
<kw name="Handle Startup Conditions" owner="Keyword">
<msg time="2026-03-20T16:43:09.772542" level="INFO">[DEBUG] Location popup not present - continuing test</msg>
<msg time="2026-03-20T16:43:22.783017" level="INFO">Handle all startup screen in order: True</msg>
<msg time="2026-03-20T16:43:22.783490" level="INFO">[DEBUG] Location popup not present - continuing test
[SCREENSHOT ERROR] screen grab failed
[FAIL] Maximize Application: Error code from Windows: 0 - The operation completed successfully. | Screenshot: C:\Users\CanopyR\Documents\Robot\screenshots\Maximize_Application_20260320_164309.png
[PASS] Accept All: Clicked Accept All
[PASS] Continue As Guest: Clicked
[PASS] Startup Handling:</msg>
<msg time="2026-03-20T16:43:22.783939" level="INFO">${result} = True</msg>
<var>${result}</var>
<doc>Handle all startup screens in order</doc>
<status status="PASS" start="2026-03-20T16:43:07.771518" elapsed="15.012673"/>
</kw>
<kw name="Should Be True" owner="BuiltIn">
<arg>${result}</arg>
<arg>Failed to connect to HP application</arg>
<doc>Fails if the given condition is not true.</doc>
<status status="PASS" start="2026-03-20T16:43:22.784658" elapsed="0.000912"/>
</kw>
<doc>Connect to the HP application</doc>
<status status="PASS" start="2026-03-20T16:43:07.763865" elapsed="15.022603"/>
</test>
<test id="s1-s1-s1-t4" name="3.Navigate To Audio Section" line="23">
<kw name="Navigate To Audio" owner="Keyword">
<msg time="2026-03-20T16:43:52.777478" level="INFO">Navigate to Audio result: True</msg>
<msg time="2026-03-20T16:43:52.777969" level="INFO">TEST CASE 1: Navigate to Audio for CA module
------------------------------------------------------------
[PASS] Navigate to audio page: 

Overall test results : PASS
------------------------------------------------------------</msg>
<msg time="2026-03-20T16:43:52.778192" level="INFO">${result} = True</msg>
<var>${result}</var>
<doc>Navigate to Audio section.</doc>
<status status="PASS" start="2026-03-20T16:43:22.800370" elapsed="29.977918"/>
</kw>
<kw name="Should Be True" owner="BuiltIn">
<arg>${result}</arg>
<arg>Failed to navigate to Audio</arg>
<doc>Fails if the given condition is not true.</doc>
<status status="PASS" start="2026-03-20T16:43:52.779076" elapsed="0.001180"/>
</kw>
<doc>Navigate to Audio section</doc>
<status status="PASS" start="2026-03-20T16:43:22.793295" elapsed="29.988161"/>
</test>
<test id="s1-s1-s1-t5" name="4.TC_ID_C51570650_verify_default_state_of_CA_apps" line="30">
<kw name="TC ID C51570650 Verify Default State Of CA Apps" owner="Keyword">
<msg time="2026-03-20T16:43:56.876424" level="INFO">Verify default state of CA apps result: True</msg>
<msg time="2026-03-20T16:43:56.877025" level="INFO">TEST CASE 1: Verify Default State of CA Apps
--------------------------------------------------------------------------------
[PASS] OOB app visible by default - Disney+: 
[PASS] OOB app visible by default - 爱奇艺: 
[PASS] OOB app visible by default - 腾讯视频: 
[PASS] Add Application option available: 
[PASS] For all applications selected by default: Default is selected state

Overall test results : PASS
--------------------------------------------------------------------------------</msg>
<msg time="2026-03-20T16:43:56.877494" level="INFO">${result} = True</msg>
<var>${result}</var>
<doc>Verify default state of Context Aware applications.</doc>
<status status="PASS" start="2026-03-20T16:43:52.814854" elapsed="4.063287"/>
</kw>
<kw name="Should Be True" owner="BuiltIn">
<arg>${result}</arg>
<arg>Default state of CA apps in the carousel is not as expected</arg>
<doc>Fails if the given condition is not true.</doc>
<status status="PASS" start="2026-03-20T16:43:56.879202" elapsed="0.001494"/>
</kw>
<doc>Verify the default state of CA apps in the carousel</doc>
<status status="PASS" start="2026-03-20T16:43:52.789669" elapsed="4.091676"/>
</test>
<test id="s1-s1-s1-t6" name="5.TC_ID_C51570659_verify_imax_apps_in_carousel" line="37">
<kw name="TC ID C51570659 Verify Imax Apps In Carousel" owner="Keyword">
<msg time="2026-03-20T16:44:00.472790" level="INFO">Verify IMAX apps in carousel result: True</msg>
<msg time="2026-03-20T16:44:00.473162" level="INFO">TEST CASE 2: Verify IMAX apps are visible in carousel
------------------------------------------------------------
[PASS] IMAX apps are present in carousel: 

Overall Test results  : PASS
------------------------------------------------------------</msg>
<msg time="2026-03-20T16:44:00.473288" level="INFO">${result} = True</msg>
<var>${result}</var>
<doc>Verify IMAX apps in carousel.</doc>
<status status="PASS" start="2026-03-20T16:43:56.890509" elapsed="3.582820"/>
</kw>
<kw name="Should Be True" owner="BuiltIn">
<arg>${result}</arg>
<arg>IMAX apps are not displayed in the carousel</arg>
<doc>Fails if the given condition is not true.</doc>
<status status="PASS" start="2026-03-20T16:44:00.473888" elapsed="0.000995"/>
</kw>
<doc>Verify IMAX apps are displayed in the carousel</doc>
<status status="PASS" start="2026-03-20T16:43:56.886315" elapsed="3.588924"/>
</test>
<test id="s1-s1-s1-t7" name="6.TC_ID_C51570660_launch_and_verify_oob_apps" line="44">
<kw name="TC ID C51570660 Launch And Verify Oob Apps" owner="Keyword">
<msg time="2026-03-20T16:45:49.639781" level="INFO">Launch and verify OOB apps result: True</msg>
<msg time="2026-03-20T16:45:49.640230" level="INFO">TEST CASE : Verify OOB apps launch and carousel focus state
------------------------------------------------------------
Disney+ launching from Windows...
Checking for location permission popup...
Disney+ launched
Disney+ is focused in carousel
爱奇艺 launching from Windows...
Checking for location permission popup...
爱奇艺 launched
爱奇艺 is focused in carousel
腾讯视频 launching from Windows...
Checking for location permission popup...
腾讯视频 launched
腾讯视频 is focused in carousel
[PASS] OOB apps focus state: All apps returned focused in carousel after launch
OVERALL TEST RESULT : PASS
------------------------------------------------------------</msg>
<msg time="2026-03-20T16:45:49.640630" level="INFO">${result} = True</msg>
<var>${result}</var>
<doc>Launch and verify OOB apps.</doc>
<status status="PASS" start="2026-03-20T16:44:00.487026" elapsed="109.153894"/>
</kw>
<kw name="Should Be True" owner="BuiltIn">
<arg>${result}</arg>
<arg>Failed to launch and verify OOB apps from the carousel</arg>
<doc>Fails if the given condition is not true.</doc>
<status status="PASS" start="2026-03-20T16:45:49.641417" elapsed="0.000923"/>
</kw>
<doc>Launch and verify OOB apps from the carousel</doc>
<status status="PASS" start="2026-03-20T16:44:00.480492" elapsed="109.162414"/>
</test>
<test id="s1-s1-s1-t8" name="7.TC_ID_C53046320_Uninstall_OOB_apps_and_Reset_HPX_application" line="52">
<kw name="TC ID C53046320 Uninstall OOB Apps And Reset HPX Application" owner="Keyword">
<msg time="2026-03-20T16:47:14.074821" level="INFO">[DEBUG] Location popup not present - continuing test</msg>
<msg time="2026-03-20T16:48:13.327248" level="INFO" html="true">FAIL: 腾讯视频 Tooltip - Tooltip missing&lt;br&gt;Screenshot: &lt;a href='C:\Users\CanopyR\Documents\Robot\screenshots\腾讯视频_Tooltip_20260320_164813.png'&gt;C:\Users\CanopyR\Documents\Robot\screenshots\腾讯视频_Tooltip_20260320_164813.png&lt;/a&gt;</msg>
<msg time="2026-03-20T16:50:06.627442" level="INFO">[DEBUG] Location popup detected: let hp access your precise location?</msg>
<msg time="2026-03-20T16:51:15.628173" level="INFO">Uninstall OOB apps and reset HPX application result: True</msg>
<msg time="2026-03-20T16:51:15.628688" level="INFO">TEST CASE: Verify IMAX uninstall, tooltip error and HP reset
------------------------------------------------------------

Uninstalling Disney+
[PASS] Disney+: Clicked Uninstall
[PASS] Disney+: Uninstall confirmed

Uninstalling 爱奇艺
[PASS] 爱奇艺: Clicked Uninstall
[PASS] 爱奇艺: Uninstall confirmed

Uninstalling 腾讯视频
[PASS] 腾讯视频: Clicked Uninstall
[PASS] 腾讯视频: Uninstall confirmed

Closing HP before relaunch...

Relaunching HP to verify tooltips...
[PASS] Open Application: 
DEBUG: Connected to window = HP
[PASS] Connect to Application: 
[DEBUG] Location popup not present - continuing test
[PASS] Maximize Application: 
[PASS] Accept All: Skipped due to exception: timed out
[PASS] Continue As Guest: Popup not present - skipped
[PASS] Startup Handling: 

TEST CASE 1: Navigate to Audio for CA module
------------------------------------------------------------
[PASS] Navigate to audio page: 

Overall test results : PASS
------------------------------------------------------------
[PASS] HP Relaunch: 
Checking tooltip for Disney+
[PASS] Disney+ Tooltip: 
Checking tooltip for 爱奇艺
[PASS] 爱奇艺 Tooltip: 
Checking tooltip for 腾讯视频
[SCREENSHOT] Saved: C:\Users\CanopyR\Documents\Robot\screenshots\腾讯视频_Tooltip_20260320_164813.png
[FAIL] 腾讯视频 Tooltip: Tooltip missing | Screenshot: C:\Users\CanopyR\Documents\Robot\screenshots\腾讯视频_Tooltip_20260320_164813.png

Resetting HP Application...
[PASS] HP Settings: 
[PASS] HP Reset: 

Relaunching HP after reset...
[PASS] Open Application: 
[DEBUG] Location popup detected: let hp access your precise location?
[PASS] Location Permission: Clicked YES
[PASS] Maximize Application: 
[PASS] Accept All: Clicked Accept All
[PASS] Continue As Guest: Clicked
[PASS] Startup Handling: 

TEST CASE 1: Navigate to Audio for CA module
------------------------------------------------------------
[PASS] Navigate to audio page: 

Overall test results : PASS
------------------------------------------------------------

Verifying IMAX OOB apps are NOT present after reset...
[PASS] HP Reset Validation: 

Overall Test results  : PASS
------------------------------------------------------------</msg>
<msg time="2026-03-20T16:51:15.628973" level="INFO">${result} = True</msg>
<var>${result}</var>
<doc>Uninstall OOB apps and reset the HPX application.</doc>
<status status="PASS" start="2026-03-20T16:45:49.653777" elapsed="325.975428"/>
</kw>
<kw name="Should Be True" owner="BuiltIn">
<arg>${result}</arg>
<arg>Failed to uninstall OOB apps and reset the HPX application</arg>
<doc>Fails if the given condition is not true.</doc>
<status status="PASS" start="2026-03-20T16:51:15.630057" elapsed="0.000521"/>
</kw>
<doc>Uninstall OOB apps and reset the HPX application</doc>
<status status="PASS" start="2026-03-20T16:45:49.648448" elapsed="325.982494"/>
</test>
<test id="s1-s1-s1-t9" name="8.TC_ID_C77290501_navigate_to_CA_and_click_Add_button" line="60">
<kw name="TC ID C77290501 Navigate To CA And Click Add Button" owner="Keyword">
<msg time="2026-03-20T16:51:26.226167" level="INFO">Navigate to CA and click Add button result: True</msg>
<msg time="2026-03-20T16:51:26.227210" level="INFO">TEST CASE 2: Navigate to CA module and Click Add button
------------------------------------------------------------
[PASS] Custom app Button clicked: 
[PASS] Add Application modal cancelled: 

Overall Test results  : PASS
------------------------------------------------------------</msg>
<msg time="2026-03-20T16:51:26.227818" level="INFO">${result} = True</msg>
<var>${result}</var>
<doc>Navigate to Context Aware section and click Add button.</doc>
<status status="PASS" start="2026-03-20T16:51:15.644042" elapsed="10.585202"/>
</kw>
<kw name="Should Be True" owner="BuiltIn">
<arg>${result}</arg>
<arg>Failed to navigate to CA section and click the Add button</arg>
<doc>Fails if the given condition is not true.</doc>
<status status="PASS" start="2026-03-20T16:51:26.230754" elapsed="0.001070"/>
</kw>
<doc>Navigate to CA section and click the Add button</doc>
<status status="PASS" start="2026-03-20T16:51:15.636900" elapsed="10.595194"/>
</test>
<test id="s1-s1-s1-t10" name="9.TC_ID_C51570654_add_multiple_apps" line="67">
<kw name="TC ID C51570654 Add Multiple Apps" owner="Keyword">
<msg time="2026-03-20T16:53:17.061471" level="INFO">Add multiple apps result: True</msg>
<msg time="2026-03-20T16:53:17.061984" level="INFO">TEST CASE 4: Add Multiple Apps to carosel/Appbar
------------------------------------------------------------
[PASS] Add Apps: Starting process for multiple apps
[PASS] Add Apps: Add (+) clicked
[PASS] Add Apps: Administrative Tools found without scrolling
[PASS] Add Apps: Administrative Tools selected
[PASS] Add Apps: Continue clicked for Administrative Tools
[PASS] Add Apps: Preparing to add next app
[PASS] Add Apps: Add (+) clicked
[PASS] Add Apps: Administrative Tools selected to enable scrolling
[PASS] Add Apps: Feedback Hub selected
[PASS] Add Apps: Continue clicked for Feedback Hub
[PASS] Add Apps: Preparing to add next app
[PASS] Add Apps: Add (+) clicked
[PASS] Add Apps: Administrative Tools selected to enable scrolling
[PASS] Add Apps: LiveCaptions selected
[PASS] Add Apps: Continue clicked for LiveCaptions
[PASS] Add Apps: Preparing to add next app
[PASS] Add Apps: Add (+) clicked
[PASS] Add Apps: Administrative Tools selected to enable scrolling
[PASS] Add Apps: Magnify selected
[PASS] Add Apps: Continue clicked for Magnify
[PASS] Add Apps: Preparing to add next app
[PASS] Add Apps: Add (+) clicked
[PASS] Add Apps: Calculator found without scrolling
[PASS] Add Apps: Calculator selected
[PASS] Add Apps: Continue clicked for Calculator
[PASS] Add Apps: Preparing to add next app
[PASS] Add Apps: Add (+) clicked
[PASS] Add Apps: Administrative Tools selected to enable scrolling
[PASS] Add Apps: Clock selected
[PASS] Add Apps: Continue clicked for Clock
[PASS] Add Apps: Preparing to add next app
[PASS] Add Apps: Add (+) clicked
[PASS] Add Apps: Administrative Tools selected to enable scrolling
[PASS] Add Apps: Command Prompt selected
[PASS] Add Apps: Continue clicked for Command Prompt
[PASS] Add Apps: Preparing to add next app
[PASS] Add Apps: Add (+) clicked
[PASS] Add Apps: Administrative Tools selected to enable scrolling
[PASS] Add Apps: Copilot selected
[PASS] Add Apps: Continue clicked for Copilot
[PASS] Add Apps: Preparing to add next app
[PASS] Add Apps: Add (+) clicked
[PASS] Add Apps: Administrative Tools selected to enable scrolling
[PASS] Add Apps: Character Map selected
[PASS] Add Apps: Continue clicked for Character Map
[PASS] Add Apps: Preparing to add next app
[PASS] Add Apps: Add (+) clicked
[PASS] Add Apps: Administrative Tools selected to enable scrolling
[PASS] Add Apps: Disk Cleanup selected
[PASS] Add Apps: Continue clicked for Disk Cleanup
[PASS] Add Apps: Preparing to add next app
[PASS] Add Apps: Add (+) clicked
[PASS] Add Apps: Administrative Tools selected to enable scrolling
[PASS] Add Apps: LinkedIn selected
[PASS] Add Apps: Continue clicked for LinkedIn
[PASS] Add Apps: Last app LinkedIn added

Overall Test results  : PASS
------------------------------------------------------------</msg>
<msg time="2026-03-20T16:53:17.063051" level="INFO">${result} = True</msg>
<var>${result}</var>
<doc>Add multiple apps and verify they are added successfully.</doc>
<status status="PASS" start="2026-03-20T16:51:26.247044" elapsed="110.816277"/>
</kw>
<kw name="Should Be True" owner="BuiltIn">
<arg>${result}</arg>
<arg>Failed to add multiple apps to the carousel</arg>
<doc>Fails if the given condition is not true.</doc>
<status status="PASS" start="2026-03-20T16:53:17.064231" elapsed="0.000615"/>
</kw>
<doc>Add multiple apps to the carousel</doc>
<status status="PASS" start="2026-03-20T16:51:26.239037" elapsed="110.826154"/>
</test>
<test id="s1-s1-s1-t11" name="10.TC_ID_C51570657_verify_selected_application_name_and_focus" line="74">
<kw name="TC ID C51570657 Verify Selected Application Name And Focus" owner="Keyword">
<msg time="2026-03-20T16:53:26.635930" level="INFO">Verify selected application name and focus result: True</msg>
<msg time="2026-03-20T16:53:26.636851" level="INFO">TEST CASE: Verify selected application name and focus
------------------------------------------------------------
[PASS] Administrative Tools name: Application name is visible
[PASS] Administrative Tools focus: Application is in focus state
[PASS] Clock name: Application name is visible
[PASS] Clock focus: Application is in focus state
[PASS] Command Prompt name: Application name is visible
[PASS] Command Prompt focus: Application is in focus state

Overall Test results  : PASS
------------------------------------------------------------</msg>
<msg time="2026-03-20T16:53:26.637406" level="INFO">${result} = True</msg>
<var>${result}</var>
<doc>Verify selected application name and focus.</doc>
<status status="PASS" start="2026-03-20T16:53:17.076348" elapsed="9.561295"/>
</kw>
<kw name="Should Be True" owner="BuiltIn">
<arg>${result}</arg>
<arg>Selected application name and focus in the carousel are not as expected</arg>
<doc>Fails if the given condition is not true.</doc>
<status status="PASS" start="2026-03-20T16:53:26.638580" elapsed="0.001179"/>
</kw>
<doc>Verify the selected application name and focus in the carousel</doc>
<status status="PASS" start="2026-03-20T16:53:17.071020" elapsed="9.570085"/>
</test>
<test id="s1-s1-s1-t12" name="11.TC_ID_C51570655_verify_application_selected_in_app_bar" line="81">
<kw name="TC ID C51570655 Verify Application Selected In App Bar" owner="Keyword">
<msg time="2026-03-20T16:53:37.706934" level="INFO">Verify application selected in app bar result: True</msg>
<msg time="2026-03-20T16:53:37.707440" level="INFO">TEST CASE: Verify application selected in app bar
------------------------------------------------------------

Checking selection for: Administrative Tools
[PASS] Administrative Tools selected: Application is selected (carousel/app bar)

Checking selection for: Command Prompt
[PASS] Command Prompt selected: Application is selected (carousel/app bar)

Checking selection for: Clock
[PASS] Clock selected: Application is selected (carousel/app bar)

Overall Test results  : PASS
------------------------------------------------------------</msg>
<msg time="2026-03-20T16:53:37.707895" level="INFO">${result} = True</msg>
<var>${result}</var>
<doc>Verify application is selected in app bar.</doc>
<status status="PASS" start="2026-03-20T16:53:26.669632" elapsed="11.038496"/>
</kw>
<kw name="Should Be True" owner="BuiltIn">
<arg>${result}</arg>
<arg>Selected application is not displayed in the app bar</arg>
<doc>Fails if the given condition is not true.</doc>
<status status="PASS" start="2026-03-20T16:53:37.709039" elapsed="0.001075"/>
</kw>
<doc>Verify the selected application is displayed in the app bar</doc>
<status status="PASS" start="2026-03-20T16:53:26.649314" elapsed="11.062147"/>
</test>
<test id="s1-s1-s1-t13" name="12.TC_ID_C52986236_search_and_add_application" line="89">
<kw name="TC ID C52986236 Search And Add Application" owner="Keyword">
<msg time="2026-03-20T16:53:48.293681" level="INFO">Search and add application result: True</msg>
<msg time="2026-03-20T16:53:48.294239" level="INFO">TEST CASE 5: Search and Add Application to carosel/Appbar
------------------------------------------------------------
[PASS] Add Application: Add Application modal opened
[PASS] Search App: Searched for Link
[PASS] Select App: LinkedIn selected
[PASS] Continue: Continue button clicked

Overall Test results  : PASS
------------------------------------------------------------</msg>
<msg time="2026-03-20T16:53:48.294942" level="INFO">${result} = True</msg>
<var>${result}</var>
<doc>Search for an application and add it.</doc>
<status status="PASS" start="2026-03-20T16:53:37.731047" elapsed="10.564278"/>
</kw>
<kw name="Should Be True" owner="BuiltIn">
<arg>${result}</arg>
<arg>Failed to search and add an application to the carousel</arg>
<doc>Fails if the given condition is not true.</doc>
<status status="PASS" start="2026-03-20T16:53:48.296036" elapsed="0.000964"/>
</kw>
<doc>Search and add an application to the carousel</doc>
<status status="PASS" start="2026-03-20T16:53:37.718173" elapsed="10.579391"/>
</test>
<test id="s1-s1-s1-t14" name="13.TC_ID_C51570652_click_carousel_next" line="96">
<kw name="TC ID C51570652 Click Carousel Next" owner="Keyword">
<msg time="2026-03-20T16:54:01.583850" level="INFO">Click carousel next result: True</msg>
<msg time="2026-03-20T16:54:01.584353" level="INFO">TEST CASE 6: Click Carousel Next Button
------------------------------------------------------------
[PASS] Carousel Next Button clicked: 

Overall Test results  : PASS
------------------------------------------------------------</msg>
<msg time="2026-03-20T16:54:01.584701" level="INFO">${result} = True</msg>
<var>${result}</var>
<doc>Click the next button in the carousel.</doc>
<status status="PASS" start="2026-03-20T16:53:48.309089" elapsed="13.275795"/>
</kw>
<kw name="Should Be True" owner="BuiltIn">
<arg>${result}</arg>
<arg>Failed to click the carousel next button and verify the carousel scrolls</arg>
<doc>Fails if the given condition is not true.</doc>
<status status="PASS" start="2026-03-20T16:54:01.585780" elapsed="0.001113"/>
</kw>
<doc>Click the carousel next button and verify the carousel scrolls</doc>
<status status="PASS" start="2026-03-20T16:53:48.303882" elapsed="13.283361"/>
</test>
<test id="s1-s1-s1-t15" name="14.TC_ID_C77291045_verify_carousel_apps" line="103">
<kw name="TC ID C77291045 Verify Carousel Apps" owner="Keyword">
<msg time="2026-03-20T16:54:03.507788" level="INFO">Verify carousel apps result: True</msg>
<msg time="2026-03-20T16:54:03.508366" level="INFO">TEST CASE 7: Verify added Apps are existing in Appbar/Carousel
------------------------------------------------------------
[PASS] Administrative Tools: 'Administrative Tools' present in carousel/Appbar
[PASS] Calculator: 'Calculator' present in carousel/Appbar
[PASS] Feedback Hub: 'Feedback Hub' present in carousel/Appbar
[PASS] LiveCaptions: 'LiveCaptions' present in carousel/Appbar
[PASS] Magnify: 'Magnify' present in carousel/Appbar
[PASS] Clock: 'Clock' present in carousel/Appbar
[PASS] Command Prompt: 'Command Prompt' present in carousel/Appbar
[PASS] Copilot: 'Copilot' present in carousel/Appbar
[PASS] Disk Cleanup: 'Disk Cleanup' present in carousel/Appbar
[PASS] Character Map: 'Character Map' present in carousel/Appbar
[PASS] LinkedIn: 'LinkedIn' present in carousel/Appbar
------------------------------------------------------------
OVERALL TEST RESULT : PASS
------------------------------------------------------------</msg>
<msg time="2026-03-20T16:54:03.509348" level="INFO">${result} = True</msg>
<var>${result}</var>
<doc>Verify the apps displayed in the carousel.</doc>
<status status="PASS" start="2026-03-20T16:54:01.601298" elapsed="1.908294"/>
</kw>
<kw name="Should Be True" owner="BuiltIn">
<arg>${result}</arg>
<arg>Apps displayed in the carousel are not as expected</arg>
<doc>Fails if the given condition is not true.</doc>
<status status="PASS" start="2026-03-20T16:54:03.510360" elapsed="0.001560"/>
</kw>
<doc>Verify the apps displayed in the carousel</doc>
<status status="PASS" start="2026-03-20T16:54:01.595565" elapsed="1.916649"/>
</test>
<test id="s1-s1-s1-t16" name="15.TC_ID_C51570658_verify_delete_profile_button_enable_disable" line="111">
<kw name="TC ID C51570658 Verify Delete Profile Button Enable Disable" owner="Keyword">
<msg time="2026-03-20T16:54:03.711811" level="INFO">Verify delete profile button enable/disable result: True</msg>
<msg time="2026-03-20T16:54:03.712334" level="INFO">TEST CASE: Verify Delete Profile Button State
------------------------------------------------------------
[PASS] Initial Delete Profile State: Delete profile button is visible
------------------------------------------------------------
OVERALL TEST RESULT : PASS
------------------------------------------------------------</msg>
<msg time="2026-03-20T16:54:03.712757" level="INFO">${result} = True</msg>
<var>${result}</var>
<doc>Verify the enable/disable state of the delete profile button.</doc>
<status status="PASS" start="2026-03-20T16:54:03.529252" elapsed="0.183842"/>
</kw>
<kw name="Should Be True" owner="BuiltIn">
<arg>${result}</arg>
<arg>Delete profile button enable/disable state is not as expected</arg>
<doc>Fails if the given condition is not true.</doc>
<status status="PASS" start="2026-03-20T16:54:03.714109" elapsed="0.001222"/>
</kw>
<doc>Verify the delete profile button is enabled/disabled</doc>
<status status="PASS" start="2026-03-20T16:54:03.517028" elapsed="0.198889"/>
</test>
<test id="s1-s1-s1-t17" name="16.TC_ID_C60424978_verify_carousel_app_tooltips" line="118">
<kw name="TC ID C60424978 Verify Carousel App Tooltips" owner="Keyword">
<msg time="2026-03-20T16:54:32.295648" level="INFO">Verify carousel app tooltips result: True</msg>
<msg time="2026-03-20T16:54:32.296082" level="INFO">TEST CASE 8: Verify Carousel App Tooltips in app bar
------------------------------------------------------------
[PASS] Administrative Tools: Tooltip matched: Administrative Tools
[PASS] Calculator: Tooltip matched: Calculator
[PASS] Feedback Hub: Tooltip matched: Feedback Hub
[PASS] LiveCaptions: Tooltip matched: LiveCaptions
[PASS] Magnify: Tooltip matched: Magnify
[PASS] Clock: Tooltip matched: Clock
[PASS] Command Prompt: Tooltip matched: Command Prompt
[PASS] Copilot: Tooltip matched: Copilot
[PASS] Character Map: Tooltip matched: Character Map
------------------------------------------------------------
OVERALL TEST RESULT : PASS
------------------------------------------------------------</msg>
<msg time="2026-03-20T16:54:32.296355" level="INFO">${result} = True</msg>
<var>${result}</var>
<doc>Verify the tooltips of the apps in the carousel.</doc>
<status status="PASS" start="2026-03-20T16:54:03.728628" elapsed="28.567830"/>
</kw>
<kw name="Should Be True" owner="BuiltIn">
<arg>${result}</arg>
<arg>Tooltips of apps in the carousel are not as expected</arg>
<doc>Fails if the given condition is not true.</doc>
<status status="PASS" start="2026-03-20T16:54:32.297062" elapsed="0.000922"/>
</kw>
<doc>Verify the tooltips of apps in the carousel</doc>
<status status="PASS" start="2026-03-20T16:54:03.721955" elapsed="28.576381"/>
</test>
<test id="s1-s1-s1-t18" name="17.TC_ID_C51570664_verify_global_app_focus_after_hp_relaunch" line="126">
<kw name="TC ID C51570664 Verify Global App Focus After Hp Relaunch" owner="Keyword">
<msg time="2026-03-20T16:55:29.852270" level="INFO">Verify global app focus after HP relaunch result: True</msg>
<msg time="2026-03-20T16:55:29.852541" level="INFO">TEST CASE ID : C51570664 - Verify Global Apps focus after HP relaunch
------------------------------------------------------------
Administrative Tools is focused in carousel
Closing HP application...
Launching Notepad...
Relaunching HP application...
[PASS] Open Application: 
DEBUG: Connected to window = HP
[PASS] Connect to Application: 

TEST CASE 1: Navigate to Audio for CA module
------------------------------------------------------------
[PASS] Navigate to audio page: 

Overall test results : PASS
------------------------------------------------------------
[PASS] Global Apps Focus After Relaunch: For all applications is focused after HP relaunch
For all applications is focused in carousel
OVERALL TEST RESULT : PASS
------------------------------------------------------------</msg>
<msg time="2026-03-20T16:55:29.852822" level="INFO">${result} = True</msg>
<var>${result}</var>
<doc>Verify global app focus after HP application relaunch.</doc>
<status status="PASS" start="2026-03-20T16:54:32.306992" elapsed="57.546041"/>
</kw>
<kw name="Should Be True" owner="BuiltIn">
<arg>${result}</arg>
<arg>Global app focus is not retained after HP application relaunch</arg>
<doc>Fails if the given condition is not true.</doc>
<status status="PASS" start="2026-03-20T16:55:29.853631" elapsed="0.000726"/>
</kw>
<doc>Verify global app focus is retained after HP application relaunch</doc>
<status status="PASS" start="2026-03-20T16:54:32.302025" elapsed="57.552862"/>
</test>
<test id="s1-s1-s1-t19" name="18.TC_ID_C53033386_verify_aapplication_Select_Unselect" line="134">
<kw name="TC ID C53033386 Verify Aapplication Select Unselect" owner="Keyword">
<msg time="2026-03-20T16:55:45.483823" level="INFO">Verify application select/unselect result: True</msg>
<msg time="2026-03-20T16:55:45.484579" level="INFO">TEST CASE : Verify Calculator toggle selection enables/disables Continue button
------------------------------------------------------------
Add Application modal opened
Verifying INITIAL UNSELECTED state...
[PASS] Calculator Initial State: Continue button not disabled initially
Clicking Calculator (SELECT)...
[PASS] Calculator Selected State: Continue button enabled after selecting Calculator
Continue button ENABLED (Expected)
Clicking Calculator again (UNSELECT)...
[PASS] Calculator Unselected State: Continue button disabled after unselecting Calculator
Continue button DISABLED (Expected)
Cancel button clicked
OVERALL TEST RESULT : PASS
------------------------------------------------------------</msg>
<msg time="2026-03-20T16:55:45.485815" level="INFO">${result} = True</msg>
<var>${result}</var>
<doc>Verify that selecting and unselecting an application enables and disables the Continue button.</doc>
<status status="PASS" start="2026-03-20T16:55:29.865206" elapsed="15.620994"/>
</kw>
<kw name="Should Be True" owner="BuiltIn">
<arg>${result}</arg>
<arg>Selecting and unselecting an application does not enable/disable the Continue button as expected</arg>
<doc>Fails if the given condition is not true.</doc>
<status status="PASS" start="2026-03-20T16:55:45.487066" elapsed="0.001117"/>
</kw>
<doc>Verify selecting and unselecting an application enables/disables the Continue button</doc>
<status status="PASS" start="2026-03-20T16:55:29.861696" elapsed="15.626841"/>
</test>
<test id="s1-s1-s1-t20" name="19.TC_ID_C51570661_Delete_Custom_OOB_App" line="142">
<kw name="TC ID C51570661 Delete Custom OOB App" owner="Keyword">
<msg time="2026-03-20T16:56:05.472370" level="INFO">[DEBUG] Cleaning remaining apps...</msg>
<msg time="2026-03-20T16:56:55.588984" level="INFO">[DEBUG] No more carousel apps found.</msg>
<msg time="2026-03-20T16:56:55.589276" level="INFO">Delete custom OOB app result: True</msg>
<msg time="2026-03-20T16:56:55.589518" level="INFO">TEST CASE: Delete Custom OOB Apps
------------------------------------------------------------
[PASS] Clicked App: App: Administrative Tools
[PASS] Delete Profile: Delete profile clicked
[PASS] Popup Continue: Continue clicked
[PASS] Clicked App: App: Feedback Hub
[PASS] Delete Profile: Delete profile clicked
[PASS] Popup Checkbox: Checkbox selected
[PASS] Popup Continue: Continue clicked
[PASS] Clicked App: App: LiveCaptions
[PASS] Delete Profile: Delete profile clicked
[PASS] Popup Verification: No popup appeared as expected
[DEBUG] Cleaning remaining apps...
[PASS] Delete Profile: Delete profile clicked
[PASS] Popup Continue: Popup skipped (expected)
[PASS] Cleanup Delete: Remaining app deleted
[PASS] Delete Profile: Delete profile clicked
[PASS] Popup Continue: Popup skipped (expected)
[PASS] Cleanup Delete: Remaining app deleted
[PASS] Delete Profile: Delete profile clicked
[PASS] Popup Continue: Popup skipped (expected)
[PASS] Cleanup Delete: Remaining app deleted
[PASS] Delete Profile: Delete profile clicked
[PASS] Popup Continue: Popup skipped (expected)
[PASS] Cleanup Delete: Remaining app deleted
[PASS] Delete Profile: Delete profile clicked
[PASS] Popup Continue: Popup skipped (expected)
[PASS] Cleanup Delete: Remaining app deleted
[PASS] Delete Profile: Delete profile clicked
[PASS] Popup Continue: Popup skipped (expected)
[PASS] Cleanup Delete: Remaining app deleted
[PASS] Delete Profile: Delete profile clicked
[PASS] Popup Continue: Popup skipped (expected)
[PASS] Cleanup Delete: Remaining app deleted
[PASS] Delete Profile: Delete profile clicked
[PASS] Popup Continue: Popup skipped (expected)
[PASS] Cleanup Delete: Remaining app deleted
[DEBUG] No more carousel apps found.

Overall Test results  : PASS
------------------------------------------------------------</msg>
<msg time="2026-03-20T16:56:55.589742" level="INFO">${result} = True</msg>
<var>${result}</var>
<doc>Delete a custom OOB app and verify it is deleted successfully.</doc>
<status status="PASS" start="2026-03-20T16:55:45.511286" elapsed="70.078847"/>
</kw>
<kw name="Should Be True" owner="BuiltIn">
<arg>${result}</arg>
<arg>Failed to delete a custom OOB App</arg>
<doc>Fails if the given condition is not true.</doc>
<status status="PASS" start="2026-03-20T16:56:55.590739" elapsed="0.001040"/>
</kw>
<doc>Delete a custom  app and verify it is deleted successfully</doc>
<status status="PASS" start="2026-03-20T16:55:45.496676" elapsed="70.095542"/>
</test>
<test id="s1-s1-s1-t21" name="20.TC_ID_C53045345_Delete_app_without_delete_profile_page" line="150">
<kw name="TC ID C53045345 Delete App Without Delete Profile Page" owner="Keyword">
<msg time="2026-03-20T16:57:12.774412" level="INFO">Delete app without delete profile page result: True</msg>
<msg time="2026-03-20T16:57:12.774723" level="INFO">TEST CASE: Add Admin Tool and Delete From Carousel
------------------------------------------------------------
[PASS] Add Button: Add clicked
[PASS] Select Admin: Administrative Tools selected
[PASS] Continue: Continue clicked
[PASS] Carousel Add Verification: Administrative Tools added to carousel
[PASS] Carousel Click: Admin tool clicked
[PASS] Delete Button: Delete clicked
[PASS] Carousel Deletion Verification: Administrative Tools successfully removed from carousel

Overall Test results  : PASS
------------------------------------------------------------</msg>
<msg time="2026-03-20T16:57:12.774925" level="INFO">${result} = True</msg>
<var>${result}</var>
<doc>Delete an app without going through the delete profile page.</doc>
<status status="PASS" start="2026-03-20T16:56:55.615904" elapsed="17.159125"/>
</kw>
<kw name="Should Be True" owner="BuiltIn">
<arg>${result}</arg>
<arg>Failed to delete an app without going through the delete profile page and verify it is deleted successfully</arg>
<doc>Fails if the given condition is not true.</doc>
<status status="PASS" start="2026-03-20T16:57:12.775456" elapsed="0.000678"/>
</kw>
<doc>Delete an app without going through the delete profile page and verify it is deleted successfully</doc>
<status status="PASS" start="2026-03-20T16:56:55.599094" elapsed="17.177457"/>
</test>
<test id="s1-s1-s1-t22" name="21.Tc_Id_C51570647_netflix_uninstal_Apperror_Icon_validation():" line="158">
<kw name="Tc Id C51570647 Netflix Uninstal Apperror Icon Validation" owner="Keyword">
<msg time="2026-03-20T16:58:57.353433" level="INFO">Netflix uninstall app error icon validation result: True</msg>
<msg time="2026-03-20T16:58:57.353844" level="INFO">TEST CASE: Netflix Uninstall Warning Validation
------------------------------------------------------------
Netflix not in carousel → Adding via Search
[PASS] Search App: Searched for Netflix
[PASS] Add Netflix: Netflix added to carousel
Netflix installed → Proceeding with uninstall
[PASS] Uninstall Netflix: Uninstall completed
[PASS] Open Application: 
DEBUG: Connected to window = HP
[PASS] Connect to Application: 

TEST CASE 1: Navigate to Audio for CA module
------------------------------------------------------------
[PASS] Navigate to audio page: 

Overall test results : PASS
------------------------------------------------------------
[PASS] Warning Icon Validation: Warning icon present as expected

Overall test results : PASS
------------------------------------------------------------</msg>
<msg time="2026-03-20T16:58:57.354065" level="INFO">${result} = True</msg>
<var>${result}</var>
<doc>Verify that the Netflix app shows an error icon after uninstallation.</doc>
<status status="PASS" start="2026-03-20T16:57:12.796038" elapsed="104.558205"/>
</kw>
<kw name="Should Be True" owner="BuiltIn">
<arg>${result}</arg>
<arg>Failed to uninstall Netflix and verify the app error icon is displayed in the carousel</arg>
<doc>Fails if the given condition is not true.</doc>
<status status="PASS" start="2026-03-20T16:58:57.354657" elapsed="0.001042"/>
</kw>
<doc>Uninstall Netflix and verify the app error icon is displayed in the carousel</doc>
<status status="PASS" start="2026-03-20T16:57:12.782308" elapsed="104.573916"/>
</test>
<test id="s1-s1-s1-t23" name="22.TC_ID_C51570648_netflix_uninstalled_Apperror_message_validation" line="165">
<kw name="TC ID C51570648 Netflix Uninstalled Apperror Message Validation" owner="Keyword">
<msg time="2026-03-20T16:59:03.198457" level="INFO">Netflix uninstall app error message validation result: True</msg>
<msg time="2026-03-20T16:59:03.198915" level="INFO">TEST CASE 2: Netflix Uninstalled Tooltip Validation
------------------------------------------------------------
[PASS] Tooltip Validation: Correct tooltip message displayed → App is uninstalled

Overall test results : PASS
------------------------------------------------------------</msg>
<msg time="2026-03-20T16:59:03.199356" level="INFO">${result} = True</msg>
<var>${result}</var>
<doc>Verify that the correct error message is displayed when clicking the uninstalled Netflix app.</doc>
<status status="PASS" start="2026-03-20T16:58:57.373278" elapsed="5.826533"/>
</kw>
<kw name="Should Be True" owner="BuiltIn">
<arg>${result}</arg>
<arg>Failed to click the Netflix app error icon and verify the tooltip message is displayed correctly</arg>
<doc>Fails if the given condition is not true.</doc>
<status status="PASS" start="2026-03-20T16:59:03.200523" elapsed="0.000803"/>
</kw>
<doc>Click the Netflix app error icon and verify the tooltip message is displayed correctly</doc>
<status status="PASS" start="2026-03-20T16:58:57.361848" elapsed="5.839740"/>
</test>
<test id="s1-s1-s1-t24" name="23.TC_ID_C51570649_netflix_app_error_resolve" line="172">
<kw name="TC ID C51570649 Netflix App Error Resolve" owner="Keyword">
<msg time="2026-03-20T16:59:57.154049" level="INFO">[DEBUG] Launching Microsoft Store</msg>
<msg time="2026-03-20T17:00:07.878014" level="INFO">[DEBUG] Microsoft Store focused</msg>
<msg time="2026-03-20T17:00:14.802689" level="INFO">[DEBUG] Typed 'Netflix' in search box</msg>
<msg time="2026-03-20T17:00:15.905926" level="INFO">[DEBUG] Pressed Enter to search Netflix</msg>
<msg time="2026-03-20T17:00:24.306915" level="INFO">[DEBUG] Clicked Netflix app tile</msg>
<msg time="2026-03-20T17:01:07.794868" level="INFO">[DEBUG] Clicked Install button</msg>
<msg time="2026-03-20T17:01:07.795173" level="INFO">[DEBUG] Waiting for Open/Launch button</msg>
<msg time="2026-03-20T17:01:10.166280" level="INFO">[DEBUG] Closed Microsoft Store</msg>
<msg time="2026-03-20T17:01:26.666476" level="INFO">[DEBUG] Location popup not present - continuing test</msg>
<msg time="2026-03-20T17:02:20.740829" level="INFO">Netflix app error resolve result: True</msg>
<msg time="2026-03-20T17:02:20.741182" level="INFO">[PASS] Netflix Pre-check: Tooltip present → already UNINSTALLED
[PASS] Open Application: 
DEBUG: Connected to window = HP
[PASS] Connect to Application: 

TEST CASE 1: Navigate to Audio for CA module
------------------------------------------------------------
[PASS] Navigate to audio page: 

Overall test results : PASS
------------------------------------------------------------
[PASS] Post-Uninstall Tooltip Check: Tooltip present as expected
[DEBUG] Launching Microsoft Store
[DEBUG] Microsoft Store focused
[DEBUG] Typed 'Netflix' in search box
[DEBUG] Pressed Enter to search Netflix
[DEBUG] Clicked Netflix app tile
[DEBUG] Clicked Install button
[DEBUG] Waiting for Open/Launch button
[PASS] Install Netflix: Netflix installed successfully (Open button visible)
[DEBUG] Closed Microsoft Store
[PASS] Open Application: 
[DEBUG] Location popup not present - continuing test
[PASS] Maximize Application: 
[PASS] Accept All: Skipped due to exception: timed out
[PASS] Continue As Guest: Popup not present - skipped
[PASS] Startup Handling: 

TEST CASE 1: Navigate to Audio for CA module
------------------------------------------------------------
[PASS] Navigate to audio page: 

Overall test results : PASS
------------------------------------------------------------
[PASS] Post-Install Tooltip Check: Tooltip not present as expected</msg>
<msg time="2026-03-20T17:02:20.741451" level="INFO">${result} = True</msg>
<var>${result}</var>
<doc>Perform end-to-end validation of Netflix uninstall and reinstall, including error resolution.</doc>
<status status="PASS" start="2026-03-20T16:59:03.218298" elapsed="197.523261"/>
</kw>
<kw name="Should Be True" owner="BuiltIn">
<arg>${result}</arg>
<arg>Failed to resolve the Netflix app error and verify Netflix is reinstalled successfully</arg>
<doc>Fails if the given condition is not true.</doc>
<status status="PASS" start="2026-03-20T17:02:20.742139" elapsed="0.000819"/>
</kw>
<doc>Resolve the Netflix app error and verify Netflix is reinstalled successfully</doc>
<status status="PASS" start="2026-03-20T16:59:03.207030" elapsed="197.536296"/>
</test>
<test id="s1-s1-s1-t25" name="24.TC_ID_C51570662_launch_multiple_apps" line="179">
<kw name="TC ID C51570662 Launch Multiple Apps" owner="Keyword">
<msg time="2026-03-20T17:03:16.886159" level="INFO" html="true">FAIL: Netflix Resize - There are 2 elements that match the criteria {'title_re': '.*Netflix.*', 'top_level_only': True, 'backend': 'uia'}&lt;br&gt;Screenshot: &lt;a href='C:\Users\CanopyR\Documents\Robot\screenshots\Netflix_Resize_20260320_170316.png'&gt;C:\Users\CanopyR\Documents\Robot\screenshots\Netflix_Resize_20260320_170316.png&lt;/a&gt;</msg>
<msg time="2026-03-20T17:03:17.092271" level="INFO">Launch multiple apps result: True</msg>
<msg time="2026-03-20T17:03:17.092583" level="INFO">TEST CASE: Calculator &amp; Netflix Carousel Focus Validation
------------------------------------------------------------
[PASS] Add App: Calculator added to carousel
[PASS] Add App: Netflix added to carousel
[PASS] Launch App: Calculator launched from Windows
[PASS] Calculator Focus 1: 
[PASS] Launch App: Netflix launched from Windows
[PASS] Netflix Resize: 
[PASS] Netflix Focus 1: 
[PASS] Launch App: Calculator launched from Windows
[PASS] Calculator Focus 2: 
[PASS] Launch App: Netflix launched from Windows
[SCREENSHOT] Saved: C:\Users\CanopyR\Documents\Robot\screenshots\Netflix_Resize_20260320_170316.png
[FAIL] Netflix Resize: There are 2 elements that match the criteria {'title_re': '.*Netflix.*', 'top_level_only': True, 'backend': 'uia'} | Screenshot: C:\Users\CanopyR\Documents\Robot\screenshots\Netflix_Resize_20260320_170316.png
[PASS] Netflix Focus 2: 

Overall Test results : PASS
------------------------------------------------------------</msg>
<msg time="2026-03-20T17:03:17.092786" level="INFO">${result} = True</msg>
<var>${result}</var>
<doc>Launch multiple apps and verify they launch successfully.</doc>
<status status="PASS" start="2026-03-20T17:02:20.754834" elapsed="56.338330"/>
</kw>
<kw name="Should Be True" owner="BuiltIn">
<arg>${result}</arg>
<arg>Failed to launch multiple apps and verify they launch successfully</arg>
<doc>Fails if the given condition is not true.</doc>
<status status="PASS" start="2026-03-20T17:03:17.093753" elapsed="0.000621"/>
</kw>
<doc>Launch multiple apps and verify they launch successfully</doc>
<status status="PASS" start="2026-03-20T17:02:20.750215" elapsed="56.344476"/>
</test>
<test id="s1-s1-s1-t26" name="25.TC_ID_C51570663_Application_Setting_Close_launch" line="187">
<kw name="TC ID C51570663 Application Setting Close Launch" owner="Keyword">
<msg time="2026-03-20T17:03:44.386888" level="INFO" html="true">FAIL: Connect to Application - MyHP.connect_to_application() got an unexpected keyword argument 'timeout'&lt;br&gt;Screenshot: &lt;a href='C:\Users\CanopyR\Documents\Robot\screenshots\Connect_to_Application_20260320_170343.png'&gt;C:\Users\CanopyR\Documents\Robot\screenshots\Connect_to_Application_20260320_170343.png&lt;/a&gt;</msg>
<msg time="2026-03-20T17:03:46.398127" level="INFO">[DEBUG] Location popup not present - continuing test</msg>
<msg time="2026-03-20T17:04:35.301598" level="INFO">Application setting close launch result: True</msg>
<msg time="2026-03-20T17:04:35.302097" level="INFO">[PASS] Add Calculator: Calculator already present
[PASS] Launch Calculator: 
[PASS] Calculator highlight check: 
[PASS] Close HP: 
[PASS] Open Application: 
[PASS] Open HP: 
[SCREENSHOT] Saved: C:\Users\CanopyR\Documents\Robot\screenshots\Connect_to_Application_20260320_170343.png
[FAIL] Connect to Application: MyHP.connect_to_application() got an unexpected keyword argument 'timeout' | Screenshot: C:\Users\CanopyR\Documents\Robot\screenshots\Connect_to_Application_20260320_170343.png
[DEBUG] Location popup not present - continuing test
[PASS] Maximize Application: 
[PASS] Accept All: Skipped due to exception: timed out
[PASS] Continue As Guest: Popup not present - skipped
[PASS] Startup Handling: 
[PASS] Startup Handling: 

TEST CASE 1: Navigate to Audio for CA module
------------------------------------------------------------
[PASS] Navigate to audio page: 

Overall test results : PASS
------------------------------------------------------------
[PASS] Navigate to Audio: 
[PASS] Post-relaunch highlight check:</msg>
<msg time="2026-03-20T17:04:35.302459" level="INFO">${result} = True</msg>
<var>${result}</var>
<doc>Verify application settings and close launch.</doc>
<status status="PASS" start="2026-03-20T17:03:17.105281" elapsed="78.197761"/>
</kw>
<kw name="Should Be True" owner="BuiltIn">
<arg>${result}</arg>
<arg>Failed to verify application settings and close launch</arg>
<doc>Fails if the given condition is not true.</doc>
<status status="PASS" start="2026-03-20T17:04:35.303969" elapsed="0.001176"/>
</kw>
<doc>Verify application settings and close launch</doc>
<status status="PASS" start="2026-03-20T17:03:17.099744" elapsed="78.205969"/>
</test>
<test id="s1-s1-s1-t27" name="26.TC_ID_C51570664_application_close_and_launch_with_different_app" line="195">
<kw name="TC ID C51570664 Application Close And Launch With Different App" owner="Keyword">
<msg time="2026-03-20T17:04:56.084255" level="INFO">[DEBUG] Location popup not present - continuing test</msg>
<msg time="2026-03-20T17:05:48.124913" level="INFO">Application close and launch with different app result: True</msg>
<msg time="2026-03-20T17:05:48.125243" level="INFO">TEST CASE: Verify 'For all applications' remains selected after launching Notepad and relaunching HP
------------------------------------------------------------
[PASS] Close HP: 
[PASS] Launch Notepad: 
[PASS] Open Application: 
[DEBUG] Location popup not present - continuing test
[PASS] Maximize Application: 
[PASS] Accept All: Skipped due to exception: timed out
[PASS] Continue As Guest: Popup not present - skipped
[PASS] Startup Handling: 

TEST CASE 1: Navigate to Audio for CA module
------------------------------------------------------------
[PASS] Navigate to audio page: 

Overall test results : PASS
------------------------------------------------------------
[PASS] HP Relaunch: 
[PASS] For all applications: 
------------------------------------------------------------</msg>
<msg time="2026-03-20T17:05:48.125456" level="INFO">${result} = True</msg>
<var>${result}</var>
<doc>Close an application and launch a different one, verifying the behavior.</doc>
<status status="PASS" start="2026-03-20T17:04:35.317305" elapsed="72.808348"/>
</kw>
<kw name="Should Be True" owner="BuiltIn">
<arg>${result}</arg>
<arg>Failed to close an application and launch a different one, verifying the behavior</arg>
<doc>Fails if the given condition is not true.</doc>
<status status="PASS" start="2026-03-20T17:05:48.126086" elapsed="0.000893"/>
</kw>
<doc>Close an application and launch a different one, verifying the behavior</doc>
<status status="PASS" start="2026-03-20T17:04:35.312690" elapsed="72.815000"/>
</test>
<test id="s1-s1-s1-t28" name="27.TC_ID_C51570665_Delete_App_and_verify_after_relunch" line="202">
<kw name="TC ID C51570665 Delete App And Verify After Relunch" owner="Keyword">
<msg time="2026-03-20T17:06:18.433325" level="INFO">[DEBUG] Location popup not present - continuing test</msg>
<msg time="2026-03-20T17:07:12.306898" level="INFO">Delete app and verify after relaunch result: True</msg>
<msg time="2026-03-20T17:07:12.307468" level="INFO">TEST CASE: Delete Calculator and verify it is removed after HP relaunch
------------------------------------------------------------
[PASS] Click Calculator: 
[PASS] Delete Profile: 
[PASS] Popup Continue: Popup not displayed, skipping
[PASS] Close HP: 
[PASS] Open Application: 
DEBUG: Connected to window = HP
[PASS] Connect to Application: 
[DEBUG] Location popup not present - continuing test
[PASS] Maximize Application: 
[PASS] Accept All: Skipped due to exception: timed out
[PASS] Continue As Guest: Popup not present - skipped
[PASS] Startup Handling: 

TEST CASE 1: Navigate to Audio for CA module
------------------------------------------------------------
[PASS] Navigate to audio page: 

Overall test results : PASS
------------------------------------------------------------
[PASS] HP Relaunch: 
[PASS] Calculator Verification: Calculator successfully removed
------------------------------------------------------------</msg>
<msg time="2026-03-20T17:07:12.307872" level="INFO">${result} = True</msg>
<var>${result}</var>
<doc>Delete an app and verify it is removed after relaunching the HP application.</doc>
<status status="PASS" start="2026-03-20T17:05:48.144131" elapsed="84.163935"/>
</kw>
<kw name="Should Be True" owner="BuiltIn">
<arg>${result}</arg>
<arg>Failed to delete an app and verify it is removed after relaunching the HP application</arg>
<doc>Fails if the given condition is not true.</doc>
<status status="PASS" start="2026-03-20T17:07:12.308896" elapsed="0.001300"/>
</kw>
<doc>Delete an app and verify it is removed after relaunching the HP application</doc>
<status status="PASS" start="2026-03-20T17:05:48.132456" elapsed="84.178279"/>
</test>
<test id="s1-s1-s1-t29" name="28.TC_ID_C51570666_Application_Setting_Uninstall_Application" line="209">
<kw name="TC ID C51570666 Application Setting Uninstall Application" owner="Keyword">
<msg time="2026-03-20T17:07:44.099260" level="INFO">[DEBUG] Location popup not present - continuing test</msg>
<msg time="2026-03-20T17:08:32.144576" level="INFO">Application setting uninstall application result: True</msg>
<msg time="2026-03-20T17:08:32.144906" level="INFO">TEST CASE: Verify Netflix exists in carousel after uninstall and HP relaunch
------------------------------------------------------------
[PASS] Netflix Exists in Carousel: 
[PASS] Close HP: 
[PASS] Uninstall Netflix: 
[PASS] Open Application: 
[DEBUG] Location popup not present - continuing test
[PASS] Maximize Application: 
[PASS] Accept All: Skipped due to exception: timed out
[PASS] Continue As Guest: Popup not present - skipped
[PASS] Startup Handling: 

TEST CASE 1: Navigate to Audio for CA module
------------------------------------------------------------
[PASS] Navigate to audio page: 

Overall test results : PASS
------------------------------------------------------------
[PASS] HP Relaunch: 
[PASS] Netflix Carousel Verification: 
------------------------------------------------------------</msg>
<msg time="2026-03-20T17:08:32.145113" level="INFO">${result} = True</msg>
<var>${result}</var>
<doc>Uninstall an application from the application settings and verify it is uninstalled.</doc>
<status status="PASS" start="2026-03-20T17:07:12.327776" elapsed="79.817530"/>
</kw>
<kw name="Should Be True" owner="BuiltIn">
<arg>${result}</arg>
<arg>Failed to uninstall an application from the application settings and verify it is uninstalled</arg>
<doc>Fails if the given condition is not true.</doc>
<status status="PASS" start="2026-03-20T17:08:32.145889" elapsed="0.000958"/>
</kw>
<doc>Uninstall an application from the application settings and verify it is uninstalled</doc>
<status status="PASS" start="2026-03-20T17:07:12.316272" elapsed="79.831125"/>
</test>
<test id="s1-s1-s1-t30" name="29.Device Page Back Button" line="216">
<kw name="Device Page Backbutton" owner="Keyword">
<msg time="2026-03-20T17:08:40.658797" level="INFO">Device page back button result: True</msg>
<msg time="2026-03-20T17:08:40.659170" level="INFO">TEST CASE 9: Verify Back button navigation from PC Device page
------------------------------------------------------------
[PASS] Back Button: Back button clicked and navigated to L1 page
OVERALL TEST RESULT : PASS
------------------------------------------------------------</msg>
<msg time="2026-03-20T17:08:40.659606" level="INFO">${result} = True</msg>
<var>${result}</var>
<doc>Click the back button on the device page.</doc>
<status status="PASS" start="2026-03-20T17:08:32.157030" elapsed="8.502833"/>
</kw>
<kw name="Should Be True" owner="BuiltIn">
<arg>${result}</arg>
<arg>Failed to click the back button on the device page and verify navigation</arg>
<doc>Fails if the given condition is not true.</doc>
<status status="PASS" start="2026-03-20T17:08:40.660289" elapsed="0.000656"/>
</kw>
<doc>Click the back button on the device page and verify navigation</doc>
<status status="PASS" start="2026-03-20T17:08:32.152958" elapsed="8.508287"/>
</test>
<status status="PASS" start="2026-03-20T16:42:56.996207" elapsed="1543.671907"/>
</suite>
<status status="PASS" start="2026-03-20T16:42:56.980642" elapsed="1543.693395"/>
</suite>
<status status="PASS" start="2026-03-20T16:42:56.946254" elapsed="1543.748646"/>
</suite>
<statistics>
<total>
<stat pass="30" fail="0" skip="0">All Tests</stat>
</total>
<tag>
</tag>
<suite>
<stat name="Robot" id="s1" pass="30" fail="0" skip="0">Robot</stat>
<stat name="Test" id="s1-s1" pass="30" fail="0" skip="0">Robot.Test</stat>
<stat name="Hp Test" id="s1-s1-s1" pass="30" fail="0" skip="0">Robot.Test.Hp Test</stat>
</suite>
</statistics>
<errors>
</errors>
</robot>
